00241fd614f0b835fe491cf9e056aab0 redis-py.7a7cd68067a7815209b74f5649d342daf60af7b017d072f5a8dbcc7c859e1259
00433027f0fa26c92bde84c179df06a0 cffi.021e0179510cda2d6c086464362aea01e3e7d27a523a4b8c0fb9c399b4f8069f
01619a4eb92df53f950509ea0fb0ba5a python-novaclient.22cc6781b3b1c910f7b3c4a96990b0e6250da1a620b52635e8a539ed908bbe97
019e6e62b3b21eec0ac97ad59b12e6c0 freefont-otf.b7f706c04f1455ab5e4c0e5b27d5a539338c7e307caa1ce1791ad188bab4d8fa
02534086b72de8e0c648ff52ec1fb32d oslotest.f4134b1e7bddf9e9711f8ef51d7f95f9c3378dda89f17b576ef875b649e29bf4
02c79e7f5a1df36ce4f8870c673d53af dateutil.8a75c351a052678357cf1e05681677e2391b242228f98159934291d453bb2c52
03e755d73b08a0e953fef66ad235463d m4-common.8b806880b22f8918a6a40219440428099b0b217e955d99add641c005eba702fb
04367ff88af7d8a36d766a6ff2a6c733 gnome-shell.65677f3f6deb9b23dc6e8415853edcee480d187955434c95727b8fde32073b73
059b9f11c3164ee4838cc5c404af03c8 taskflow.c598f4464265fa66bacd2fc1af858e4b6f34628b10b3d932bcaed17236766b53
05a16dbefb0d77ad4037b81db64e887d xstatic-bootstrap-datepicker.6720ce64b66392b6f36f583fc012fad84bf120b2a6dc7431423f14321a9f3d7f
060c3a613f0d07f30c4d991ab6293c39 xorg-proto-damageproto.bc9e05eb6bae3a51159cdc04e15060645031bc2a87c00f5f8633d2437a250625
0617f4a6726c99bd6e0b2d28d25375b8 chinese-fonts-truetype-gbsn00lp.db4b08f875d7ab61a77cfbabb2619374df8f5d0c033e9f76d1d70e647f12649f
0674c8673c166dffd35359e6db968419 mock.56ccc9228acd319b935cd656e3b92c0a1250bfb25f42965787044301a518fc2b
076a8c375c9041b5b90eefc67e8ef0a0 chinese-fonts-truetype-bkai00mp.b7f47c03e66efc10b2450d3e9c64cb9d0330a52a8ca22fafd35ea38d251e616f
0778364c4f926749b7f27bd6f4b7f371 gnome-common.2f8d5db0e703827c2bb516b55fdbf72eeaf7934b72e2afa99ef2434c96ba5268
07833385caa42635c2950a4e1b9fd854 iotop.468e0c242133f5843b963dd8c2f81870189fc5d4f376e12c561cdc765bc677c6
07defd9cd9cac1b55051272d87d57d9c qpid-python.3c6476abbe2391f9d498f3e2927a86554acc163885cda3eeb56de45843166448
07e2ea58dfb6640f8db953d72dfa0be0 xstatic-jquery.cdb80ffd70d2f7dac19db9e62b886bc65b0c4d8262ebd6f634473dd1e16b3e3e
084a497a84e1c1b5f59496891a030e01 xstatic-jquery-ui.8f658f31d591140a0f82017c3d1cfe0fbbefcc03f9840e93d69fcb89a027be02
086606f274961c77ada19e8abff46c8d pyfilesystem.558f59716e2032ef0cf77087cf8d44141ede07b53f91183884c1cf2fa2715818
088f99730ddee307dcb5c013bdef0c91 pbr.55a16501e7aad64aca2d4a697b886a228a17cbc0749454fee21d9bdf47dab448
08b3cd6711053140cd97ac9b0da29ae7 pyeclib.6a4fa9d6f8711cc4ee038ae870deb65106969d1d83d3d2eed49e04fb58e6bd4a
08dc15e87f9a00c3d9a4083be24e22d1 lockfile.82c59842873544c3c7ee7f46797b5d8a85fe85e41f836e8594e53195363d009b
0b287c890fafba8364694976b51cb735 xstatic-spin.90b236dfa8c42899ccb13383c49b1b9b95256b611083a0710419981ff1260a74
0cdba4f1ec77f0d49fa01f3a5d3f2a5c django-appconf.cc103042192fcdfc6fbe56338c4f1bd999f76dab0428f2db0dce23f23030bcc0
0dca898ad95598aca51cb2ce8f155602 xstatic-angular-animate.e57bb7cb1d098a67c0f8e95e2cef110be68c01c79ca739e5a50bfbec8aaed766
0e0cfceecddba74513c53eced37405b7 nohands.9995bc78fa6dc7ed51a66c2e7525e0a9e17ca4b6235192d26d60c45df0312de6
0e1a474c09cc1f6816b9b57f0c0b5c92 xorg-proto-recordproto.b0d84c9ef33101df57d0cfd74d4e028e7eac5fbcbb9fae6442aaea985319381f
0f441e7dd54793eb5bdbcb96231341e8 babel.05713c43459bbad26d5fd5f122f2e4e11d30a14741fb87a41be9831d64ac79d8
0f56acfa034f4c6b537b047adc3275c0 python-barbicanclient.ba7bd7c678be2d912b91aafd98df1bc9a99416336ea5ebc00cb5f4b39a86da34
105400de2a58e2dd09a40c31871e9739 bluez-tools.2639b27d88fe5da57b5871f1a83e2684548d93aff0637140b56d8d18be2a4c7d
12ed0b2bc3e7bbcdfa78aa759f05f983 kafka-python.483936d3b9a354d846e3c95c0b6e743de1edf96a3749e56dd835d241d4fcccd2
14c17269b2090e78083893e9333b97e5 diff.cc142ee9aee383d42325ec0d461327ff04e2e0d89394eb4debf1b2533198cff7
150d0c28d2516829d1f81955d9327d49 pint.12eb722beddfc60c4464a1dcf3bfbb84afa6cf453f70f2e9859c04f20a936027
1620a46c0338e222240feecdb4414276 websockify.92b68ed2dae80aabe55e188408e56f4c1eaaefa2e1543002ab2281f7a15545bb
1644cd6d275aeaee0a94e4f782636a56 xstatic-jquery-quicksearch.3b3db1def7bdc76ffa0bf183102e82c64d3c865cd6630cdfc67a30cc9da32c67
16ad4c4c1575af934ea5ad10c9394dfc xstatic-angular-mock.3371f7bd428f6a2376c11db80a1240fbb9b6eeba090ae47c63a6728b8d643e09
17b959ff3777bb4ea4ad4c9f692ef2d6 python-lxml.1f0b65d3e16c362f0ffb20c05b38854609b3f823b0e4d176b9e3c8ae769817a6
1a40ae3b4ea0642bc4a54b014441861d gnome-backgrounds.50449e463f7764c63fbe4f6052726e36668e0ec9510cb196b9f67a3cfff8e2d6
1ba315181a332d21c110393c28d4251e warlock.3fc8fdb43c77cdaa9f525527eac2d6f2b5c20c067f44814024197793585fcf8a
1db34199573763929cad2be59ea3e7c9 python-requests.958ffeb8df855acd5ba6fa8ac248aa2fb502bc4eeba013dffaa3bb5f3431a855
1de8dce8c2d1d12f33a38faef5644a2c oslo-messaging.017ac9cb21f8dbb5df2b0911a97b8783c43ad6c691359782701346de2d9ddd08
1defa1cef078a6febd468caad36e1a78 gnome-initial-setup.7cb82424df014bc64ea65274c1af0e0879ee2f0ec3c8051ac1792978372d2c6a
1e16af92c9347ae46adc93d3b0e92e2a morph.ee929c78753fa4ad57080924041d4d8a99318ee8bd71ca62f34300b9945b7613
1e55d5a17a64306da9a0b9e3b4a237a8 urwid.a5b894c45a68bd55d576d12763bae6881e29136e07e9df749a589805cc9fd2cb
1ea212bc10adeb46195e6e35b28051e7 xorg-proto-inputproto.8e7232b5b7e987430ac04082085b93fefaeeb6f9c636ed8f06eb28e6301a29da
1edd53d2abd0fd59edd14c51e422e747 boto.fc74cc4d1f0c65c435f99c7ec23c5bafb086a51130aea91d26d3fd5a0f2f2431
2199e9f0a1593a42145dd9c6017e0586 python-markdown.f2c856dc044b388701c6e4125933a164710a01789575b8671622d710be55735a
23b9a3d3c53e9b20e0485c77e3cde62b xorg-proto-dri3proto.ffd9ca6009652c8cfb5e4e1a150809f191186c0173dc9a02b3e8642835d7e18f
24026738d289580937218b890cf26806 posix-ipc-tarball.9ce72051e95a4bb722b17dccf1a92c576be5ec78e5f4dc3e4706f40f4165c0c4
256eb74b4e5a19733bfd690dfddc6cf7 oslo-utils.4ae05e2fddd5d7c542ce294897e93f49e6bfd0a003504b0d46daa8e9635ebc16
25a57a895055391fe9877744dc36e129 xstatic-magic-search.9fd593a44119c25f8d5103729a197da652d09c7b2ba4d718f6028e10367355c3
25c4858f226c2f4fd963787f90e6f831 xstatic-angular-fileupload.a0875aededc9ee00859abb8ebddea82a1b6c21509e4b2914bf1377422f80e57b
266851ff1d9b481c14e6ccd05498395b python-prettytable.24a6734d8cd98c3b4372d187b578f30a5d6899672710251cae7ae49e187d0989
26a28f9c4dacd105ad14f8278b5f7c3f xstatic-jquery-bootstrap-wizard.47375df1f4ab7124443a9a0557d956b0877bb15dc012e0867472e6be0ec229d3
285faca001221d3d78b20b3aec011a4c rabbitmq-codegen.bafdfd5c542f822ca5405dbf32e8b4f4e606b2c75fc24f90543ed36573bf3bce
288796f817c85c0fffd0fde6c349556e retrying.b4712d89d82cd90835120ae9f23dbbc6e1a828ee06150c8f8b1f318b4ad0087c
28bccd1c1a25af32ad4dd6a70eb5bad7 xorg-proto-presentproto.ba063a2293cd6d9818bed8ace830e2e4d056af6b4579cf68e5bb5f1b7bb530d0
28f2779a1f4c10c19549170958a7d4d6 python-swiftclient.d3fc786c3a46d6af789aa9a3e5c6ccf678d97ef4a46994ec6db52af49f9e2b14
291a45dccf15ced5760bcfad7fcd1d95 ansible.d0b538af296b4183f1fbe85012eb6e5b6e5f0ab799d5528e9c40801680424942
29551ca2d8c4ae4d374967ac9cc9e7be pysnmp.462f49659efdb6478264a815b5e2bee6b83a888470d5873fb6b586415da0ac00
29bf26013b395cf53c215733109c6f62 kazoo.6f338d40105959874f8d1701951c775b5b1ab1cefd816deb2792cda0878077eb
29e4c5b4f51384106e0b2a8e4ca0875a obexd.bb826b27c01c8cec0c26268807be102cf4a0a7d66e43e4b24eaac49d8c489cdc
2a28d0068edc95d5bee76e94eef3d599 argparse.d12fe98514b5d3629459fbf399d4002a6b2f31d16a2df956afef73561463c9f7
2bfd52899ce1aa77084e510a93050c51 chinese-fonts-truetype-bsmi00lp.803c8d530cac24f81b86776e3a48b7ba53922e813460ee6b95d311fe7c264402
2c240e08eda8390eb5b28596a2b94cc3 xdg-app.f964af706782a6b37810ecd829328d8e31ab37854ec5cb83a2c9cfb188746b13
2c4f485302534d8a4c3a8b9c4d2a28bd tempest-lib.de48ff2c165e76b7d313a323bf4f50f27d4d4a11ec0b5cd7c685752104505303
2cb123f3b0cd9a5eb0cb14e1ddfb6bdd tablib.1cbcca9e87213d67ef0a4fd07f435d135255fbbe3403a69c0813252107a0a2b0
2d0867c8f3c77b04d8ce87e52bcef377 ipmitool.31f67f544773725eee51b4a352cdc7714ea770e633a81e17d81ef53eaed8ee42
2ec109ee4712dbbd00641a5a9916d099 configshell-fb.f33d5db6e8bfa2ce9e0de1697a81f44f9045745eec8cacf3c43116045f052e6c
2f628b6e3d77dce32604ee06bb1798cf xml-catalog.efa82666c3acf3fe51ee9de5b2b7ff92082261aad4e66723578d4217076b081c
30efa18176dd9f119cd984d912e8aa8f yelp-tools.cfc8c51210fb81506f93dafb7421c3ad27785bdf6bea3c195f151f5c01789345
30f466b015b1783b05874959b25ad39b xstatic.58af34002d4a70c81df864736dc93dac216cca1b90ce2ec0df4a5356639f6d3c
3226dc05e5530033568574ebef450969 python-glanceclient.15cdcc4974a62aefe425b466088c83d30bd505b8f72323681cc44e46fde49780
327ff1d28cc89f8011fa95252803327e ply.00d4427cecc336f560745009788d54bff80792a3c56afb4cecc1106075a5bfc7
3367a5eb8f54021a558ca59c2a8a9223 requests-aws.ca702cecf9cd71baea49cdad57a73b306d0edb28cd17ed1ab02318ca1b5ea2c9
33990bf7b5180c32d3a835eddce71e69 chinese-fonts-truetype-gkai00mp.7bca90d6c78af99466dc771bb54bcd99cbfa1bbf89c9e70ce7056e3c775deaea
344d088f30be5135a12c20fe00bd9cd0 xorg-app-xinit.81b1bec50bfe830021cdc4f4c57c4938903bd4ae1ba088b70b2ce0de42696632
348aa071276dc3d8f12e63aec3f61ad8 croniter.ac0df47c88336d81fe141448e1c22fb4eb952da11307794ab7ac3621daba6b14
34a60aaf931b99462c0a89a9b468418c ceilometer.797479e02a3d329e90e50bfe8e359126d0935ba79d12b8f4d343b95932006f78
34f4fc8b0f2a0ffde2757bea8d3b0edc python-ceilometerclient.63aacd00758d08b9ad5cd9cbfe11e8c19bcb6df0d1e611e0af423c5d2d8ef3e6
34f574926edef867982f4974d04018a4 osprofiler.589f8332ccd8dc9acee97e976271d94e0b4d0a8517570f6332be33d2cbff0ea2
35887cb72a3bce0f18c35678a4478eb8 keystone.92cef832352edcb63d3a065c5bf16d4754888b1240b750b4f0ff1d00696cb93d
367c090d144267bfbdc665b2b5349d12 kombu.fb95e467c0bb214f9cd1e6be20f4cc4e9cf7d158519fc56f52957321e833b621
36cb428f949c0931af51fefab7ff9a19 sysv_ipc-tarball.323e5cf3a0b1d24b70006e814cb3acc35d0eb8d59085d1c03159c4bf80aef31c
372ecb51bd92c43cb235ac2264f03dbc gstreamer-plugins-good.f1822aa346c5ee1ddf1d3c81117793df3af2d3c793d04cda3a9c107882788e2b
3771e50fba1907a862eb6f82d39b5c17 rtslib-fb.2076b853604402d938d498887df320846ca673ddbbdd2595f16c0304ba2217f0
381489428452ac8a78f233c05fe5426a xorg-proto-kbproto.1fd484e0343dfa8f4d55db9b6a8a3131e39ea0bf31f69c1484c1fb8fa5d0a7e6
386efb86ae6562906276b3fad9284841 netaddr.1c1542df514ada09cfbf50e73337f2ede0f19e6deff2abfdd0871cf731a9b2a8
3a5cf235210e0bd77c7e16cf1eaec27f testresources.27d14c2825127d8c1f5ff1cada1393af340b396f0b2861b814333040906f8eb5
3bcdd0212dfc2254f59192495ff666e3 xorg-lib-libxtrans.a1ebf73a1808a7943250853c35e6beb4b88a7d7da6d4542a89c94711cc3d6995
3cd7893b8ceb3a79dba349cff170bef4 wsme.9c99f6a4d2c6d5111d94b034327255dd8593f86ceeb13e7ce7adf3eb578450f1
3e6c1934b4ff70e3bf1373a43f448ed8 python-designateclient.f5c553f2fc7ca802811e085424dd79f916f93f3529e7629a652cbd2570c7459f
3e72a2107bab3643f5198a6c04a2519a lorry.7df405f9219172a1761db72826fbef7d13aa32335b254ba2540a34ce9a0645b3
3ecd231edc67934699fda640df31012a docbook-xml.8d40b5b6699dd26c658700fad1ddb3f1c3dac667578225ae769b963a792c6874
3fd700fbbc3f2dbcca820f1235a2f15c Module-Build-Tiny.63a4c3304febed3eb292dd14ad6c0a7bee4495acc7e60459fa8884454a6db7d0
40ac8885ca10bbe3b703c4846aaf3daa python-decorator.b3468c3b3ef4cb560c6ecdf20adeef9228aad460020537514e10a9e6b583d1b2
40daf7f9df87d478149984c40fb91e3e autoconf-tarball.3d8ce559d69381a715a35a57f65e0965647f180fccd195c938358ae6dee93b60
4159efa1cafdc4f6d499a6e3657dd1a2 xorg-driver-xf86-video-vesa.891894f0c1552d0f4b8ed833efc9f032efc789c7bd1b10f080ef1304581c7048
41e40772b72445aaca0f13369848b15f eventlet.1b90cb55c5f1619acf8c61350aa830b95baf09f183afde48ec2e996b97356155
4250dff9cf00631e3b3b929590d4b3d9 sqlparse.d052cb93d80a60a013559bbbd668933d46af4217df825f5b4dedf82cabc95434
42a049983fdf1b7b92596c257a4cfa73 xorg-proto-xf86dgaproto.7eef1f42ce7d105ea57826df05de65f55760de3af3bf3ad28341cf65ff53c8bf
42bd11d99a5fa745122d96933f01e401 xorg-proto-glproto.f5a54a65d6b51d6f755ee83aea9393cc5a4ef1079b98999e7910f1d774ffe502
431413bc0f0ec4ceb2c61e2e23bf1d09 xstatic-angular-smart-table.1d2b8d4b0063042c8e20aff2e7ef19de6beea3bbffe54261c5c669c268f447d2
440764fb73b946eaf0f978bc390b3190 pysaml2.e0fbe53530ad63b361acb5f5ce93dca20a2d87c7d8af044310dbcc9b1cd9c8d9
444a5314d8a395ecc88e028c3cf38f94 bottle.4097c5377770f5318cc17f31fef06e9cc8f816749237341c0820015991cb8b33
452957495eed6315e784f96346702f99 pytz.1fc2799b430544791c7486deed276b1e3e6847c31ca1f51acc92ac50a6a86edc
46c94ee43a0a034ca56d5d0ed0d6eaad dogpile-cache.07a9bd91b607248c1fd5a7a7574b3a8afdd255f04f4d8cd0d2e8086816f24132
477cad8f3b6d55d90f6db6c4c070e2bd alembic.8e7c78cff158a56705f83298fd0551f75b74312318e54ab04d26199c4aa908ad
47949a8ea9f8bc75d10571e153dcb485 markupsafe.5bcf488a352ea23b7babc01db0e5471b8ef7c119429f0e465af96196e14d9060
48634195ab607624da8527b2ab1f703c audiomanager.0f84e2ee8c4b2ee004c50233b66e999389fee48b1836cb55db0f174430795330
486d2a371751c05d26a4f65e1b9924b5 dmidecode.38d4455aab1c2711d0e61a9fd89a2a163b9a778dca678c16246249bddc2964e8
4bd2ff6e597853f27239f49ba69fc524 connman.0d13cb509314acebd0d87d2d2b770d96ff426377ee2e966d1c474c00eea06bc2
4bd30bf1dd16d7c261a62fd350e27fa9 webob.f67d54a835e0a866ff5e8ba979a57289c19bf6c3c2eca864eed3c9bc99c90f89
4d7ba6e28e869f44c7607f30d737c2db xfwm4.e588205b4aa89bf0467412747e8acc7d4cf81c34932e420efad5d93ef56fe40d
4e36d02bd3fc062b21f8d776fcc2e75f greenlet.75c74a929573bb0d99aad60f92821390cffa2fa494d39fabb0345021aceed9a1
4efe3a5744721bd75bb7857924b0db5b oslo-serialization.064ce96d12001b6f34918c665bd7d769d72480728615dda399aa9c0660845e50
504a5534bfe3c06e44903c39a28b75b1 simplegeneric-tarball.a224fb4bfe2240f8ac11dd54847a1244b2816a2458db68277a737fb88d0aa5e2
510c4ba77406c4b95bc28f4b12fe7440 sqlalchemy-migrate.7810555fc26dd4c9de870299faddf8acde4861d487036877aad2ecf8dd92ef1d
51591a6f225d36db4b8a0f4fc027edef pymemcache.73ef5d0d13fb0945bc29de9d9b2549752fbb18dce0a2ddc72aeceb2ed28d705d
51a376a56cac29638c313e6be4a9f69f xorg-proto-resourceproto.1d525124edfbeca11bde74c53223fc2543e6e22b93a60d3c09a49c0cc2817c96
51b80e627bbda1196188b47f6082c713 pep8.722fa7b9639d60f61b266c26cfcaa5965ed22b18b76f4705b763a9ce14e3db31
52b750e50c64522bd0a9680adef604ea python-fastimport.de542c4d33ce4b680982454db53a80407f94556e16d6c8eb823cc4ec5e4010cb
5448eea0980354968583c3c680fef380 xorg-proto-xcmiscproto.9fc1fdab620ea822b58b1d4e1b661f6a2f6b12eb1b1ab3d003f7f31fa76933d2
54838545a15983439a4f1dbfdd36f8ad gtk-doc-stub.0fd01e158057c93c0224266de129cc352ea9bd52f5d7a91f11adfda60f6e06bb
5527b452120e90a23e7a2025bcd0ac2d weston.e850b4ebd37fcc4ee73c8f7a304aa7b440cde0070185d644db50c436fd34af2b
552eaa8dc9b036186bd0ec52789959b0 gnome-control-center.30cfab5eb31c1cea71057ee6ede7162b3878d2967a69905b597b793ac2a47338
561b318d86861e2dfbafa6ab85bee65d mocker.02136f7c0b80b6f681af38e44d475b4f15df880276855c12636eefacc6d1ad32
561e794c75fc63ff721528e502b62c69 appdirs.59f76d03c1d2bf724129eecc344628efaed011ee5e94d71dc78777ecc1e470ea
56322fa4ce96db91a50c6a6f33b3e549 isort.40e31369cccb1cebdea6f89b20dacdca72d23aafdfbbc43d2a7a178de6f5c27c
565d04a75e0d545ce41099cd82c84ba9 semantic-version.a4e366c618bb020674b6fb97619bcb57c0d64a0bcadb37e8dbed1278ecfd9073
570693a0bacb93c728de8a1981ec5f63 autoconf.dbf5ef677e1193fc290a77ac519903b0f9bd7577dcba4a151829b3498cadbc03
57109ae009da5b123118d3df7cd1320f xstatic-jquery-migrate.4ef261466bd8ea5efaf576e8101fc774b4e2f821d54bdc103b138a6e13f9b3da
57f84a17174ff9507ca7d295a5a55ac5 beautifulsoup4.d5fa13ed20d84d085c87ab8509023205cbb1ac46ce2a02b6666ea3f078569414
57fafd528bc6ab920d3685a433552b17 python-ironicclient.626559bce79ab92f31b999f658c0df22fff5f420e7463847b2ff90fdfb4f44c7
5a48c64cbcb3c83459c718a3e18bc22d stevedore.9faf3543a3b05c0b4f27dede2b3005eb65c90397abc50d5b60265324b3b50a30
5a90da99341d30289912f3442dd25183 iputils.b5e6eef71e3083c707532b4a5fdb2752c32c0fa51888287aefc99d79369e3fd5
5aca72f16bc9e332bd46d6cc6ee11f02 paramiko.82bbc4169f13a2322f081ef8a60d58a37585e8312ef1a13ddea4ae2b5f2912c2
5acf3c97e7f831aa784d203d29375785 virtualenv.d10d24a2c78f43725dff6e20eeabad71e385929297e1b6290b14a3a8d03d3756
5aea58571a65846f14902a3d6dee1093 pycrypto.3c78cea30eec4da5a8f5a59f7298bd1d69cbb05bb8468bde5395ef46ff862808
5b1566b75c8bb903f0892b3e8b6e7d40 snowballstemmer.673b67975a174bc13c7f62b3203adb2341bd3a0a38bb7038076b22a0b008886e
5b684c0d37fe30289a2b80df1c704840 pycadf.d74b52c34398c673cd33e7958ceadbc95235600d8ce46707a114a69aa4da3dff
5b900519e4a1e1fa8f0dc69832f67056 stage2-fake-bash.a5a97d3f0b4b40b095d48aa06765a7e0c81070a84a1bd28bdb96d865a13a2844
5c19f463df179b9c9ba9572beef982e8 gnome-session.c63ffa37ddceeadc113dc9bdc654cf679742da7621bfd35858c958f966b48abb
5d590d78eec93134d80d9d637fed64c7 hicolor-icon-theme.b691d2dad31277b301989f52f127ec00220b7932bfb52269fd7e52649cab05f3
5eb993cfe3532529459885ba7e3b7c0f cliff.deb197bc0f060fe869ac235fb158910609624f54134547293d3b905c999d4971
5f06982c59e93a5c4d480964acff7a43 rsync.c38a18e3d6071719e510755395a5e5aa7bc9675b73796f6b5c3eda45ee30d8eb
5f8e9e1526ad3fb278c505237cd823f5 xorg-driver-xf86-video-fbdev.a816e2b5185a090b7faa4e449548313ae5c1580bc76802da271762a46755097d
602cc8e0da3457f7f40231bf7d42381d librabbitmq.1be0136f95d47ef9c388cac93c7fd36794f5c3c56b47ca9c58aeee1996b40ad4
606b4ca744495bfa02b73b1847fcbe46 python-setuptools.e25c425698facaba1cf8ae0d34aa7407eb8119f02044bf52dcd46d4f264ac3ad
6115120da5a86ddafab71e193d803b40 xorg-proto-scrnsaverproto.ff1e3f560f8fb7479756e8fb33974ebd6456e8109e7aa868c0b12728ac093413
624c7d1e5dde8f3c5c0ec77cd48eae54 futures.4bac7328919b52d742d8e2f19eca4752e9c17f94d1beb1836cc500eed8f3b30d
62d007f2c4d093a3f6363a49d64a5838 cmd2.919cb332b9b38217b048a53fd49b7590e9c377f31547ad0699db4e5c5888d085
62e68888b04b425b6111440170613ec6 pyasn1.24c62f22a6c6583e9ee99fa5b3da0e81e2e27e905cea7d9f8ec870776f79e66b
633267b85bdfba3f696c65bdb18d23bd wsgiref.4e4678b7944050775225c2b9431043b35ca7dc3c63c134a30e25b462c1cb4324
6415a39b9c29e93e9bced6b36a9c26a0 xorg-proto-dmxproto.27964c45cebf2eb91746eb550a736cc3da52757e9fb7826f134ae76f3b8c8c20
6439c4c20193993a7a579721ab309333 xorg-proto-compositeproto.902ac95898af9b52eb694848a451e359315ef5ec8a4902ac216b1dee21aae543
647be5b6c2516985383135f6f5631a23 cliff-tablib.e3814475cb0048854a8df93be102de24dbd9665333021be3bad747239463f759
64ae7f6f42db01c4e5ac891c10c13388 oslo-config.8d6bdac68c80bad23fe317fe18084da500b2ac012e91eb999ab6f3adaa01697f
675234f1d25216886ed110e209a52aa2 stage2-gcc-fixed-headers.2cb141da1a470617b17b0ebbe15d68e083ff4f555fbe6b580766ccd05f75083a
68810ce0b86f79fb680976b60fdb2196 python-cinderclient.0cc3e75f8a479e18423417e3e719907fa883377508354cc846f73f6cc3dadb1c
6915dd3347852520de3a9abc498a53ad ansicolor.7128850b210f8f5c8d787d68d4019bdfcfc50174136442a28aba24245f2bf299
6a310f0003789d3a49ca2b5b6e99d2c8 telepathy-haze.6171c1522dcc279f788fb504a5bd28d6cc937b57de26798e556a03d671688a62
6bad93c7ceb9c666afaf726d7a938f2e pyjwt.65bcdccc5f08bb3c27e977b7b8c3e274db4974366bcd3a84a9e1ebe735e83794
6bc04c6b49c31a9b5f4fbe01ebb1375e bash.c9cb146570a02bd2ed8fbcf2474d998f574746f77926379b6279ab382251bce9
6c01186eef45d7b87784178b679fa58e glance.79226d85f023755c966c186244d03c5ddd8d133547c7dd7ec7efc0940af1e3ca
6c1e82fb08fbe4841d0a1b57cad99d2d bzr-fastimport.df0d8295095c55130f14a7e5898b36de8d82828d25cba42ede6091fdf550b111
6c521ee4a0598a49a0e438b41a9b3658 swig.bd1f52ab78c37480b5854bb4e90b07a16aebb8f9be6bb7d3d6cbcf54eaf60e9e
6c60f33bfc6c528825dd0111bd850db2 targetcli-fb.c3436885389356544a54107d6bad2f501611aacd1976fcfe31850b65a83d0787
6e20a59060d882266d4546f0f5fb8ee8 netifaces.e5c1ed0637c5536e4a8380c1ee3e36c8327aab26af03b07dba117b9278a8f584
6ee6f5f603284e0e018e6a804b2c4ba9 xorg-proto-dri2proto.195b77fae1d4ba7c4b8a2f934f27f7cd9d18dae59c2b10c05943e2a7ad743acc
6f29cb6455ffaf5e2addba872173351f pysendfile.9c79ca72435a46685e8d6e79af363b1623f87c6604177b654c82a7457957f1b5
702a34d9280c6d3befdb9c4abc697c81 cmake.b3650e2da9bcaab83659ca721401f8383cb367d49265ec6407ee69ddf008f0b0
71241dd21ab19a7f75518e9172cee714 patch.1bf23b6ef74201d6e127cb11982c7713db7682c454e13dbca6a926c0c2adeb04
717f55510b87808b1a4d13aca23ce4a2 django-openstack-auth.ee581c1728308d5178db8a8136b57032481bdaca373cfea777788f238822fd70
71b782d44fc95d07270479a202c02726 xorg-proto-x11proto.3aa8af3b6d1b19587cbdd25b567d077a077a7614cc0a5682226f613b5a6e06d3
72a69a72cc4ed70909d0d40e6b5fbad3 ragel-tarball.d262d3b1f9bc2b15140b8b0b411ed8766e983c3d91932c1bc313d60b0c62b150
746db1aa839ae9e28f0a3853d4a23f23 django.29e9d3e40a93df5b4af0c5368e05dd11b92270847be7a7dc30bfbb87e2edf622
7490e21f090f73ab713b58e2735419f3 django-pyscss.a3e4a89c01b11b94905f53205ae60c16c977e21f4d4b07676a28f87aa79bb637
7963860f6d021b68a99d66655b5e7088 yelp-xsl.b9a33ac79a074994cf6b286e3f5bd15e49b3b898ee9fdc94fba9de06e2c3bc52
7aa562d1a3848b19d1b6014f1a44ab14 gperf.c428b801907c5612ac49417638be2f7c95f40935c0bcbd4b57f95dcde0921671
7ae5d960fd85518fc07d37a3e2f6a4c2 oslo-rootwrap.40990f44c2e5c3cc3cb78460269bfefa73518a6d4431b875bb5b3b15bf074a53
7b79d85475ad026365298d1072c6fd52 urlgrabber.9dfea5be8e21020dc8bee7a66c45859bec53260dd0d70ba2cf8fc37fabe4e7b0
7c048a5dbcdbcc1082b486e839584382 cmdtest.5245d33ec3514a295e9a8921f333631d2dc38a9ddcbbea8a2c4ca1101056038a
7e2f8f5be11cff74a05b67e80b54b16a telepathy-idle.11b26e331eb8542f59cffd55ef2ab13ddb1b03f9868397aeef3bf2112e95fbaa
7e586a9fa767fdfb9cc7b5c0fb386d86 xattr.b59e1b261c17c0075cc97b3d0652df92025952924b22449e429e5324011c069d
7e6c8ec9c5c2520a928d962c024c8cb8 gnome-todo.550001331c329852498c66aca434ba76b1f0188d21f80301bd2ace6f937ea343
804b83b1f83caa68418b7c2847b41c91 mobile-broadband-provider-info.4babd432f85f8277503c526ec7fad095d4ea0fe2d8a676e5ae8b7e1ec91905ed
8080f68b5d1fcb1c02d27a1e3c6fcf90 oslo-policy.c7f6303abf54ee083b2712c2e89dee5bc6da028d16208830f2b127eb7a218fbd
80a5a135c7331a9b74860da9225243c6 tooz.ac3209e2e025addc6165341205b4e46fc2e6ce1c80165de8d2a13d0cf994e35c
80fc1db42bb22672753f28e77b985cf8 novnc.19e737e449649997dcfc41cc79de271518f3062e3654138be817c84e7640cff0
8317e8b6366c9b5ccce053dc17d7b076 xstatic-jquery-tablesorter.8a41186bda28e284e7210c1eb7255427ad2853210c7b24ef54a5a1af4e581651
840137b9e03cb8239d12c16f7cd5b51b dnsmasq.3c14ceb266b9f919f81c84292fa89e7b58b4c78bb687c990f5259bd08514010c
843df8d43bf377fdb4d4184931a877fc cinder.c2abec08c6a9aab9180c9bbe7aa812694d7d4a2817a9e882db23c49d2ead2e55
864c65e86098e9d44978bc5fae618030 glance_store.620572927128191951d31579a85c61046e2314993fdeff3a70199935677970b7
865c82d785c23b4710a84d4fa8bbce60 usbutils.a7a411d8057ceeef744e07dc8a3d0aea43d57b7922bb7fbe98ffcc1c9f3cc1ed
87f9249706cdf1952fa186de9340a7fd gsettings-desktop-schemas.0288834d294493e379b3e8075e8da073237d8eb280e66a2b9d7203b822bb1cf0
8846bcf3c387d80bc8a930c557a10e22 git-review.487ad2d484df19674298c2b66337b97be4713d101fd16cc3d0e8603d72b5e28e
88530455c5aea821e2e6c661eecf6bc8 less.054d0962e29a0085bade919f52107567a48f23230b79d179e6ea36739e074d60
88d7ebf393ba9f0a758ed1cdabb0b3c5 pastedeploy.85127ddd41b389632f261dab719ed63374d66fe84f61458664287e017b7acd02
8aa10682d97a2bfdf44b5e0f2a82f99f oslo-i18n.5cb1d1f6bd73393df5ed8df8a93757ccb7baa90b327d131aa54ae5139121de74
8bc660ff633d9b938831539b8cdf0d33 ruamel.yaml.7e0e38fae8f346868a0c37976ae7a70680c0d440695678f2bee81a2e814c3937
8c4e92927f434d2c44d57e59ded492bc pyopenssl.dfdfa2e61cbdd62c1d037a8a95b42629f524dc0ff6f5e3735209676717610f41
8c8a70fd5d9fe1dfd4b616e8580a673d django-compressor.0cc68986b3bc765f12e6466b5667c0598dafbb9239928d706f9a8e95ed375b40
8df77adf2fce038f9bb8e4062459c00c xorg-proto-xextproto.7189056e6b3c1ea2aaf3cf18cc4bb0993f27857b890407568d1d04a261c9ad9a
8e5c24f7a02e9424a8c875137bdbdbac jsonpath-rw.daf0c777e7d2451d136e49f9b52d8fe4d543834c09d48901972ef92688975774
8eddfec3664e5a17c3142fc6942aacad iso-codes.a9ab95ebd2f017fa5c8223d201d82134bfd5c41e34a475315fbe5bf56084f68c
90c576a4d332ea29ba1c8ba11b2c8a76 suds.2b14523640024b6e70c750a97dd8016d6c6de4a8e599953f171575fd59ad960f
91013602d2e651eaa06c3e11c860e9f3 happybase.16aebc508806706922ba51d8c2d9cee0d6ddd6f16c9b9708562b0029d2424f70
914510252e60397c7b6e3c9bc0f2e5f7 pyyaml.b76538d806abc9c567acad70be7ffe573df90f55a4fd8d2c6e056f5a03deb642
91526e76afa6e162423f39ac7919c974 ebtables.fb7000b7de94bcd9df8933123d2a903d999eef3333538746b8bbefd5ea2d0baf
91c73d57d1f097fac525ae95d22d2cbc xorg-proto-fontsproto.c256af694fe10565f1684ccafb4dd32ce027726ac507d34736d9e5a7b661b6bc
92080b93f8da888dcbee61e3a1f25587 mako.595cdc56583de9292b8ff0486d9cec0e62c77c98992201d543372425366ef5df
920e6038e92da91fa3594c496177d3c4 enum34.75bc8fab78330607c36ba12acbc8de9840c2fe59a5aefce80122f90766ecabae
927e12562b8b67b276f500ce7d74eb6a xstatic-d3.93c2d1450b6ed58df7262c5dd903ab78728052dec02a15f65338288a3325ec22
93adc07744322a9b025d765e8f165c72 python-test-extras.3c5bd13712136346087ea4b0e0cfd4aea324d9c2888a26e927fb725ad577c591
93f33e16aafd7265c7ae3bd7814bdda3 mox3.1f5177f4dae826447a6c4f679dcad0bfc870f67376abfda2971d43b8d2513ab7
9481c8e3f2e1a4046fe433ee06258804 cython2.e438a818a64973f2533438d6882bc11a794fa2476102bb3977590e7c6b903cc1
94cccf47ebedd2dd084ef0137ca41e69 python-keystoneclient.1c186f3e69560e9076fca980085cbcbe85c5419b7f7265f1ce4c404d54d52ca0
9530306ca6760afc4d5367f5a7e45363 testtools.0faa82caee918c6a7b8a1bd46a2e738fd2566c2093215d68f005d6fd0e6c69d4
959e7519da143c48eada6f114290ac01 flup.638ec0bc45501cfdfac63de1483088484a2932fe9359aee7ab4bf9ef4187224f
95ef2d5d805f33421ccba2deb552ed64 make.c13f3c777705f828d2cc649b22ccfc147bdfdd1007d273e0c5171e528e77fe60
96e356a5ff1b87ce441cf4b51632f462 pylru.a2d1cc016a26418952ba8baf854bbdc104983bfd32f44dd1fad0c25fa9cc455b
989b54170ed75e509670779ae8f0a659 ordereddict.1c5ef01a1056d8f9462c1e0a15fea3d1859ac957b12953749bc2349d65a4ce58
9a34c1a9113517895c5cb78e7f263a24 grilo-plugins.cf47663d96118dbe1ac91ccc1c35516f83fa6b48fdf5f9759332598fdd6b8cb3
9aa2efb5870ebe7544275605936a64e4 xorg-app-xkbcomp.b3851e3cb893917413939ca115f4d7c741e5db509249fa88ad061f550016216f
9adf49a4598fa67a6205e8648d14c4f5 swift.1008aa6c25e9115a2cb3cbca8f482a8aed7e7bf23aaf2d700d15482fe326403b
9b76a2436d9447d1ec5b724c61e635a1 cvsps.9d853393e1fe7fd8e0781335c66a3e6777b8cd979ce44bb9b3335650f4273147
9c2c7e56b6b8144332da57ef6f7ae0f9 creole.b925146e293b02f8dbf040d1ad85edc800895014b9067f4600def8cbeb639add
9cc6fdf167b69191fc43b13971df054f xmlto.d193bcde36f0ae4acff600c65f12b57b157e286bfd6a7f47dcc76089ed275782
9d59be176fa42716f78670abe1aeaa32 oslo-vmware.f125389c36f4596fa359bbe69cd7e2a857608f1225421ba882d6ce6cbb63c4be
9d7c35ecbfd69b21653b7fd8726166f9 xstatic-angular-sanitize.4decb5ed342d93c559ac5118115c77b773f7cf5ad2a284c839e8a1b91ce26197
9dea7d1d2b0bbd040419e98a658c7f90 sqlalchemy.ae09dd81bd8d985a8673d292e15ca26f4b58a35f9c0e90a7f1d88a5dd86e5ed9
a024e4e27d1427660535d182a974769f rdflib.9ee549f9de51a0a586dd73d11f0c0f0ab4bec0fe189398ba5053437ac5a04d0f
a1c5bca6211f737d76329d358037db00 logilab-common.3e5acc8e160ab535d5ebfc8d0a51b8f1ef2613737471389fc95f35a567ff38b9
a22854f6f03b818d086af0f4a60b2ad9 paste.3259e9a388676397013af903d73c6748148dfe3c3636f7c7fa0dd1b4e9794189
a4741d82512c8543b4a093991b3accc6 python-saharaclient.e46033d127e33da3a479ce0871ce49538bc14330763fafa3d104507ca155d102
a47ac8f2585158706ac12337a5cfe3dd routes.581cb690550eb6b7e6774d78c099b2bb693cea33ad67b02f6b56913b529b7eb8
a4999934d20109bac5de4029cd4b6bc9 xstatic-angular.b6589751b95ca1a7ea2d58f1524ce8b6efb75b48ab18da6bbb01dfc23a5f4728
a4dffe8881bf6dd15ba3d973b6ab64d6 xstatic-termjs.224f5478adf90c12545b6d1d19c8721ff52ad5d53e9fc3743820c8cf16f81478
a53e19dbbf01343892b1fc97269313de python-heatclient.e461a193f854a823c6c973b19a781392ec35535d738d74b5d152dc51b9baa1fa
a54ada9c0d793e2a0351e0a039aedc9d cliapp.e0205d5ecde6b8ccf81fea2ea19a65242c58cddab5adb4b273bf5b6a38ee8165
a680eb81cd79382543aa5bf75ed159e3 python-neutronclient.97ac39083515861daa5622ebb4c40a94d7917227b18f4186fecfc4f2fa0214c9
a6e2943e7b1cc8efed873d9c73e50bb3 tempest.16611e709671acca740d36d98f1287ddfb7810820d1c700d0234b6a359620b7a
a6f67cab61043d8e7dc02e8c9fcf38b8 oslo-db.66c600ab49ba041c8227701bc11e533a450198b39ec7f757cb5b643e08de9951
a8802b05207248871f4c773f16df9441 zake.e85a92c222614f69cbff9e5db1b2b52635fe536b874bdbe367436a37109dcbea
a8bee4863e25a55aad8391a17ac012ee six.7cde539ea35cabcda3c6a499130381340b5f0c6a197dd5215b3a42f57ce3f92c
aa3eea768dc0e70071137c61126cdd05 requests-cache.d23143ce4164ca5c12a1f9fce3732856fedbe5b329ab072df18faebe6bc6be38
aafef35e1a34ff991c124b7427520d62 xstatic-angular-bootstrap.1dc1e218bc74b6775ee6ee5a86f61a4fb839eadc84003c011ce428f481f7e4f7
acb43b8880ede731ea88e1fa2ad8a989 python-json-patch.70715668e4b059a9b663af6138a551285c9fbf4ada4d6fc7d4521708b91008b4
accc253fa96956bf26eef70bb7a4089d oslo-log.31eee70234c199ce1923ed7a17eaaad0064d0930f618561e35b0e39f4b521f7f
ae400503d0d1eac3cfc6b3c6553b46c8 node-startup-controller.66e641c4e5c03938a7b61406329bd6abf7344e43ffbcd1ff3c2e3084368dcf1e
aea5fc76b684a6ccdac3b45d112b9240 conntrack-tools.3d4cde31b4aff9a1ff9a2c323ad6a5d3dc145833f88d537383aef6d98c840b84
aeed4565218d9d5e9687504d91fe37e0 gst-libav.e289973e49ff962945f0bc5c396ba7e1a6e08869ebb7758aa8dfc23d9268761d
af010a7258ffefcf8e642eb8a45a0390 xstatic-jasmine.9b28be03459605f6228053474f63afd28528c8c5893bd09397fdbe2f6e0d25fa
b0638c452684b719c425b90b8ade78ab aioeventlet.bfd8f820f9cce35e247338cfc1f830eb582a1e2c6d206d3046fbde7aae1759a2
b10cfde34828fc021604e2abf22e9043 nova.5d6a595d3642f2611f0fea4b93a986efac561155ce5b021915fa23ee6c63ed04
b1a00e6cfd44ccb7e9a1d74f3b9a15ce xstatic-angular-lrdragndrop.8ce8f49ac2b0aff888f10f48454ca99adab2db9f924b0f572bc7b4e6a860d321
b1f9e3e00a89dd3b60008d7aaf2b6e25 xorg-proto-videoproto.5c6a0f90f927c3a053335ccae9753ebbca983d7ce2a789fa8bfe63e0bed1d44a
b292f4f4184793a07ee2122b2bafb68b intltool.81c145fedebb5a6e664e94eef5cadf6f6f04add5a5a2dd1d069660bff09da94a
b328b7b9d5f869167d13a55f878b4ed6 rfc3986.f8efed0c12a3cb5708c3a9c72f3e39b87df638f47a85e4858fa04aec274ac766
b375a7445b0c49e34fef30321bea9bd3 bc.9f54777eca0280b809c1e8c0fdd8b1e9203d1dbbbd7f77321bd68125f6ba3fa1
b37dd10f124b600ce7667cd29691ca77 oauthlib.426206622334e3dc6177daf31b9c3f71f1c505804b086943606ddc2b3bc1bfe2
b3d83fc27deaefe3da552007d47d296c tempita.0f6d231ce9ad71c4c585fc8dd8c5184dc5e7ce99ff5e5c00a8b3953775898a0a
b4e4ddac952fdfef2546821e83067b3d anyjson.cf260ef7bcdb007764ea62eeb63de8b7218ec27b818bc3041a556ac20a17ce36
b5006a543c80edd95fae5b60e3451172 python-mimeparse.fa11f21e0e4eb8c7ac6b5046e9aa91cb190f1ba9edc4d3a820168b444380bcd2
b504975258291e6f4d696b9061a505fe stage2-linux-api-headers.55d0b064e3e4eccfb222728fa92fe29fb39316d5d95c7927fc5db6071fce2493
b5bbf8b9d133171d9995b23319877a3e natsort.59478657932f1ad5ef404b8784b72133062cfb930646cea42ff1429a245562da
b6d0daa9e4842ea336ec7ca19c061131 m4-tarball.e5190585283a8f70782c4e48f2ae73291bc10ae2dc8af185c28c3e0402ddc7a6
b6f095d2d94fcd639c4dd8516973d0f0 xorg-proto-xf86bigfontproto.bc80dfc933add1f583c8e565c2be808567a323359495289111537071b484caf8
b74b24c28173c9249fe6840d0a7bc102 pecan.256e6e915ce8c5bb630a8573e2a9cfbff03c1e5d17d392a21670ecce4bc43492
b7668c8b3b30f91a62a1a92716547777 git-fat.97f874f4a60c0358515d10e3002a0b2df5b96b17fd4294fe2f5222e3a537045f
b7c8dd7f049eca2259b84f0f2dec2b5c python-coverage-test-runner.3bcf5cf42c589ac8292f1604a73e3ee8e48658afd76c145171a513683fa4a62e
b837620371bedcba681fd81300e64c91 xorg-font-util.dafa9e3459266a4520c74cee1049c8f361af5deac9e657d3fcfbf00cdae491a3
b8c0306fb4e58cfde7aa1357c521f264 itstool.fc76237f593d9a0449a70e632ff36765b5af9ae583658057ef1801c41906bde0
b8cb2dfe770e13db0c19628e645edf76 xstatic-qunit.cd0cb6d6af51bb32842ea87d8ddb0611022572fb5fb4d7b865fb3ef28f987624
b978b5961db0c0fa35d502542ecc2466 ttf-alee.0dc3feacb5bf7f22083aa2f2ed3ccbada2680d0c197b49ae4ec0ef8d446530d5
ba3b76d7b0222fd1df7694219f9eb983 simplejson.c05ad658f3c6e6bed57769f3112edc6c96bf070bd75f89cba46bfc581c021474
bb0e97ccc8ab88dcc3cece0e1b8cf64b xfdesktop.991123ee7848dee2408b95ed52a548ea19104fff5ebc88a0a1c8db14174e0bde
bb9c78e819eead7026002e2d40d5922d oslo-context.aecfe9ca9975ec35d6dab6734362cdc26dd2fa3c76b17acb31c59aca9dcb3495
bbe2b8b5385364558ae21ced661d8c4c keystonemiddleware.159fa424229a1c8cbf3a7546691ee2c1f6013410b45b2fa19e8c3e41ecad1171
bbee9003ec9b5216e6da823ee5af16d1 xorg-driver-xf86-input-libinput.c893de50735466617d7075aa4827101fdcb2811ad2e3be3b931b8075ffeb9e35
bc024358e983599335b9bcbccfe7bf78 pies.909d25917a01a317197b79c8892e3006c8f05f0db2803cc0e453ba3df4a862e7
bc303e5579c0f8b690fc70c6407e4ab4 pyiso8601.76f873b2273df77c508a3e4a959b54c0910a263574b2d3fc5e4788a3fa1b3bea
bd52f56d0eb1a91a0f9311580a7faf27 python-openstackclient.514c1dbe8454c024cf057cee84a9f529027f5884314e01c991c2f96bf2a7a96e
bde4f379c8efabaf52c98999f460671f python-pexpect.f7e1b28bf9566d804e068b1954cfff6537829dc299b1cf4cb6ca88fb69eaacf3
bdfe58b29766448ad6dfc15a9a592445 python-cheetah.305966640e244fe2f90e1ff28494f2e085650f1254f78caf9aca23d284351e1b
beb7e171b8b58cf8f0a3ad9803bca7f3 msgpack-python.828ad7bb36f8168368fe4e7ee5ae046fed4f5e669f7990dc788b12abae0dffdc
bf32998721fd77bd190d85b95ccd4514 linux-api-headers.df75ae7298132d6f98b16e05fa870b81c147f6956a1dcd6a7e9b5d7c54a7577c
bfa25ef58df011f9c18807b15b864205 rpcbind.c0be26ee3d33491b9f37b3c8ffc3196da15e18f7b986523f0a9b001701ae7daa
c0480c97a453b9855f6b7250bdff60e5 pyscss.464e875ffa53cbd9e07c9c358b1c65f6065f9c202d42a49747109513d71bccda
c04dd82af269a01aba1bea83ce0c2ef2 gnome-calendar.0fa06ebcd6711cf7399d77133230ea8e720088d987bd03f8dc79bb570cfb2723
c05bbd8bb3b172552f1cf2a32a0b1c7e node-health-monitor.feeb51d0fc3ddeeb92ead2807a968ff30f3359c3c5c3db380fb23b3d934cf3eb
c08ef701807afdce9d56a893de6420c0 neutron.07cf5d473629346297954f555a26653cfc37a7a19ce1c77c6f0e2516614512db
c2408c2d4258dc774921e5dcca17804d pyflakes.97e83e123a8bd6bf6fdd9b78ad62fcbcfc194f0b3ebf36fd523929978ac2b46e
c29abbde2b111abee508df7b8984d971 jsonschema.31d9a788799780fe96df614f0d2e9a126e0c2f710814bedd7bcb8ec0d666fba5
c2cf969131cd8448b7488d6200b5c972 xfce-dev-tools.1ba7de75a8779d2cf466ac49614744947a08ab8f5d5b6b7766cc11b01114d8c2
c707a1badae06ac5afa4d2d5101a4975 help2man.cd0df8f2735cb0d8c87d4d392f1edd911a896bff13932dc9275c3f117d6decc7
c7a4695942c3088960abab900df2a256 shared-mime-info.ecb0b0907a38f9f13449d058d91bd6564cfce5e8baa909cb6f90607afce662a4
c7d5b34d384e5fe6950a582fae114887 ipaddr-py.a75d30a8e4cd215080b584e36be160576c96c2f80b779b90a6dc1933d31a06ab
c83c3a3f224ec90d746169d405753c93 dnspython.e5ad8ed8e6ea283a35b9aa79e1d34e6a23e78053f91960aa983fff81b6b0ab88
c8cd38c2735007e366a08217d6994ac0 xstatic-font-awesome.a791eb4b50af5ca3f7061f5acfe1edd460217f615bbb059a084fa88a21947c85
ca83eeeeeecc311ea0a961df9e6f663d jsonrpclib.4b7b79e53551c74d533778529c55e8011caa455485c6d53c18f8ad1dce90935c
ca9b924497a051be79f93c7a8bd02dd2 memcached.3f4218f373e3fddc4d79ac572fce60085ec7ac3bda7133a81cc311b83244ac31
ccb4405aa74a57c28f0f59f0d491fea7 python-ttystatus.b6703d31686f53adac7528ebd55c89f651751bed71045ddf306f1827a3aaee40
ccb718706aaa0db02935b1484a8aa3c3 configobj.b927e7752dede2072dc787458bbe599cf6ff9cd143982c23e891b754edee53d3
cd4d3f657c4a08894e27cf0b1a57206f python-json-pointer.4fdafc4ff09385ab13c8dff43c16f6a0adc65fc3f3608d5d06ea7a7c2713ef85
cdde8fab934286391c41f89bec4bcc52 nose.78ec638828f7fb7aee0c241d6afa7b22127c5532d7dd6e52f561d51d4f2f4c02
cde474dc60be88c5f6914e649160e12f mini-utils.848ca86e6db4bc42322a78a2c031aa43ceea0d53e85c6a3146875d4f0335afa7
ce1cfd213eeead65d951de9faea61553 gnome-screenshot.7868acf40cd2619b21a26ebded94f1e955e4fa24a89d59788e1ed9c488d1537f
ce22ae78235aa6295e97e4d5135f08c8 xkeyboard-config.75e8f5228e6f1d1d9e5b0d3751642ee277333efcab0e34d1af2839c4fcbc0091
ce22ae78235aa6295e97e4d5135f08c8 xkeyboard-config.952713674db34d73522f1813b1e900f8683430c400718abf0794d1f44a48e98f
ce3e171aec21f479349aa5e2b92b1122 findutils.4c279efcfe5249e22e1482c42a969ec68db9dc77ba1e7706a6b40904b8d5cc81
ceb7a18c896ae7ed7ee4c7a44de1c9ec oslo-concurrency.4bdb97fcfcbfccb6b3c8bb814e1f85c66da5397584424c6e98a768ad056870e7
d04a4dc70a25b2a726b2edd9aae3eb06 cloud-init.aa3cb4269475ac36ffd945dcd30c5d642388d69b7c5651b74d9f615bc3e5afcf
d082656f9a9a14899d0f345bf3609a2f xstatic-bootstrap-scss.47f42d4a4cb1cd6b1179b1e7166fabb3d793d0db9c22b1894bcfa80ad4718d1f
d2598561e018adb6c33c543c32b5f861 ecdsa.d744017b743a09020a0b2d597e9fa169150829a92a7cc812c52016a69931adea
d2aeb1c7756006298433b8328834aca2 python-memcached.ba902eed782ea18915e86965f6c7265e076a3459286fa85d8819d939d3a3db34
d66f6d4f9c692fd092c39f242f435f52 repoze-lru.973ecfbc8ec4f0846df0eea05a1a5d575c038c3aeed688f436142273a2a14096
d7cf46c5de39b54781d119cb37f3fef3 mod_wsgi.672ae673841de7d42f9bfe68611424d9028d08cad38993e0a4a16334d442557e
d7de9605a77e3f5d7c97d8c53ef5853e isodate.9cedf0b922f00e6bb11e33a40a286d5afb285ae23378e1107a45d04520ffee18
d7e170193d8cab654c1fdff7063af769 python-coveragepy.90964a5ae50429856158ac1156617f442abe09a261fda3c2bf04847d23b84aed
d9c2feb8399dc0a6d0086afd07fb7da4 logutils.a30b8603638026bcae76de687d05756a4935e898170f4cd8825e3503d1defcbd
d9cb8b3540191d5951b46e554dfb95b6 urllib3.bf6b3e9c7577839ac3043f129107b3360fe132e33a134425214598117368d07f
da6b77282bcd8696b9b4f4fbade34d05 tar.3addfff2cef96b5a03ba16deccb791076f94f3ba1f706b5adc1bb66d5e35da07
dbaeeaa77ef8e2cbad585f2796b51656 xstatic-jsencrypt.22d8535f1597d310595b499d1794002e4f90239ec9432de87418df816683dfd2
dc471942961e7126f9a631db2305bea4 pylint.16cef340b7f4e48a4db58f4f2dfb66d0999b12789cc97bb8eb1acdcd7f90408d
dc48c9fea0cb4f262891e71a39723ef3 dogpile-core.4d8cea8739fe356ace8090c40b5fdff2b2a14427321ae863854943b6fa22e364
dd675de66570dc0e7d0aa182a91f72d2 cryptography.9307716bf0935b840585b8d6cab6d8c49641b6df1307af6761d7155c4b31e969
de3aa4be51c9b215268190a988dcee46 python-troveclient.9eb2de1fbd0a403cc797bcd56309946da1bc0e1c44e98ba63a3f31edbf1f4fb3
de7c04ae79235fab2fb154e6f08f1eb0 pyparsing.86f5447a3b810b5b0580a5881b07a1fb485a384a2af7ab28c4a8c21d31d19d55
e03183ab3e242f734a670eed8f7a5072 fixtures.46fc09e6da9a9978d393c9c080899e6b818537c09ebd0b2170b3460214ae37fa
e04dd6a6608f3f221a9c817f60b1a936 xorg-proto-renderproto.bc40b40b6669eea9bd804d95fcc3e86dac2d4a2a35db3a48ae382b9d8aa424cb
e0f8e5d7f6eee2f897bcd580bd3c8b71 hg-fast-export.5037a3d4ffe855eb1faa091a1e4d518060010ba5c1da63aa8f1313a282b6de4e
e215f3ff8cb1c8f60fa67255eba25f22 webtest.2c8359472beb079de50e075bb870fbfc0d686793b26696bfd8781445aa398717
e28127c19e4ebaea79f8980b0789e944 os-client-config.224391603cb79c00f356008b2abbd69846b722ba2e4234754918f91611784533
e294c4f389797445baaba4f0d4c0fac7 xfce4-settings.8d2f324e08f516d39f35bfc9fee2c2d97fd8d800bf5425c617eebf4b6d614c50
e59088b7c9e5f22cd7cbdd98b4c550d7 testrepository.daaf55b130fb254c1d9223af23f48092834068ecd632b8f62bfbc07e70bc4b56
e671c0711bb716ce96f3c2ecae17e366 xorg-proto-xf86driproto.a28c1d4717b041103a9fd6c3448c5b2f56eb6b3c577886a09352e595487c816f
e761dc76df96527585e7819ab98a0feb httplib2.03fde613afa68a680c957953ee60f2a9c93ad7b54b5d3fab991e7d46d09843be
e84471478f908c87f8ccc51bb61f7241 mox.48871d7d3362c1c70cdf83410ad2091280b40a75580d4f7fff71917713da5f57
e890ca018f1c53b026e32fa6c24a500d tcpdump.8818ef611ef515456a99c4eb9a12c3564fccc77693c2750338c257facdd0643a
e935a69357b818767b3673c62ac5a26e smartypants.af392146f943e0c0a8c76cc241e859d8201d8c0578fc8d6a07c4e1c6afcb6eee
ea387ce4ec42e9989fd7d4d8e7681a65 testscenarios.205100133fa3b9e3cfc523bc6ab05a0cd22971554ea49d8009155f280e502fe4
ea55e0abae2229289621563ddd48bd32 xorg-proto-fixesproto.5d4cd9910d872780de8288b936bbcda8f254373226b44536597c9d205bd32bd1
eacf16d32654619d7c55be61283fa7a6 mod_wsgi-metrics.da19364c894d4fd1bd61a21f99c2ff39b4cb0a9674a042ff5b9d43c8975c4edb
eada08bf7f63c80ab51d2f60c7f9b402 xstatic-angular-cookies.1a8828ecc303a42062e69d2e81e5e823ef924bcf5343c8ce8d2ac9636ba8d171
ebbfd1c840dd67aa88ecdf582986fbdf waitress.bbea2b7a9de2294c12579f991dacccfc30dc15e9a96637fdd75ee8e01be9086f
ebf6467183442bcee08d0edbf788f194 weston.ec247061b51afb50ef5fe8c064b47aa369bd612c1ecb7571141a148298b8aea1
ec4368715d8e943118a0f2a5f86a93a6 baserock-import.f170a793f49447e51a36dda675a116c536101ddece89e609fd1a8c6ccce30fa8
ec66945e5a1c02457813f3af0af964dd iceauth.e5a39502cb2e9ead0183591d64250b35caa63093d9cb57ca146438b49458647f
ec9486584019d447e2e6d9e32ff1812f gnome-themes-standard.5200163eef684eebf18f820909dd2a5a0f6ef802ffc3203696589004df0080ed
ed37a3a30464bba7f43f0db1362d4991 xstatic-rickshaw.8e641398bc177fe63d754ad16a33e6857d49007b696ad255781ff0b4ff220c63
edccfa2cbc15e8b8cfed735d3435c733 psycopg2.00782acbec44d333dd76db4cf30b5a702ed6a8cb8a42afd65a93821e54928ea6
eeddd6d5efe6566a9e3e7a096f6e7d14 docutils.a49282b22dbba697da9248338acb75ba840077d077167f14115f03219b17c8da
efda5c908e7bdb7b7781431e5649679f astroid.025ee8c470e809240a6cb4a453d2da909893f87aea5869bde2f1ee06ba4fd8eb
f053ccaedd79850f3ba52ecc678459c3 pycco.51d6376be6b453a335d0eece94efc7710ff055de1d190d00b0c2dc14638f9ddb
f2cc17ffbc899deead8904674ab04562 xcb-pthread-stubs.1857bda8ee9a9fbca1ec00d497d7eae5794196678bfd3c6dd70394011245bde3
f3171c5b0d04fb61615234f1ee42fa22 xorg-driver-xf86-video-intel.c93999a5c10d8c89d0de5778c4d2ac312df377f4c7e2bd6f726f69a59917244a
f391ab6dfe8dc91fc40667c4c3b752a0 xorg-proto-bigreqsproto.cd398aeefc29d644646b5d9532baa984758ae0015261ff684f01eb94c871f785
f4cb311164ca7f640f01fd62cb5e50d4 node-state-manager.3cad0dced6f3231a1dce3c23ba6997efbc6ed669dc1f82209c625de9fd5f8898
f4d4f657a05dbb85eebeaf65db8e9807 oslo-middleware.87268244ab9669757091db439cc63140ebb9c6b694a9ea47acdf94cbb5ef6e6d
f535adbd059c76905ad7504315a75c65 strace.778acb797ab0e0628469dfb813e2782cafa3476d2bad8ea4838e2d95bebeab7f
f6dd93ef884117a0c31c95e733ee25aa gnome-font-viewer.9d0e46f99a6267d755dd0058b7cedca33ce60a5feae0c2d7acb784b43efc95a1
f7bc618900de4c120f80f29f53f27e8d ironic.9eb4093c30f00cb7a1910c14ab259ab2079401adf04eda344908bc0846554ead
f8c69f7ce9a97d7eef78e8bc5fa5e031 xstatic-hogan.407b11548c7124c091d07d49898148e1f350aa37e87aaf719c570ee300c99d65
fa03e913eb37a2e69b020cd4ad0f7a4a singledispatch.4197a57947b4f9bfb4bb0eb5a7f98180714f01f78d775b18d885fba3f644b92d
fa0b5ca0c2c6eb08041bada7037065af xorg-proto-xineramaproto.26a1195eaee8f1e942226c3919eeef55cc97b4c43bcb0bc0d1a8252b20b94252
fa7934a72b13802f512a7b534ab96584 mercurial-tarball.1ac5c11c2ef2b386de1e82998b701ba4447f910e5df2a966b3fa936e64764905
faa027e486539817853c79f7128842d0 xorg-proto-randrproto.e1589279df5e2deff0e73f8529b484a5fda21be4e91056f72113695c23c21e8e
fb1baa5fe3ce76983e5de64a389fd05c trollius.7766d9e373166bbb65b05f5c7102cce6f94fef8972d658ef25a21c1d77434896
fc514de0f37f6132d54d16566dec6fbd linux-user-chroot.1b88d44567a7d50b75a77cd6473aabeb1be412043ab638836812d48ee92afb83
fc68d51d5d6aa833e8d3b6861322b004 u-boot.55ace568a64d5cd972bbf93f639742f948b3cedcdee4f60afa06d4247bd6d086
fe0f3821ac08a5095eccde1af468985f pystache.7cfeb52905f009a7c6997a81c209c153b438d1733460796e8489f4545e9a900d
fe18ef37209214ac993a42a5a9525159 xorg-util-macros.0d3db5920c42ec27606969f68c8cec547a2f7d93b0636b4a6aa29b72c24357ff
fe49c5bf2774f82e2ead1f7d72c3a00e py-amqp.a88a1348ba27614d9902a584035b80f4f4da1f66b5514f5d051554a9ad3562a4
ff61f662cf89fdbdcf17ea7f4c67f991 psutil.c4972c1a8f4dbf011fdc50896d496d19c9bf02edbed553f35427e861ccba0f95
ffd33598aee70cc3238eac2f8368dda4 wpa_supplicant.a7f90785c730b19201bf312d0a25a788e1968aeb568867d777bb9502c3a678b0
ffe92ab84a70d9ac6af671b5c86b45f7 pyserial.09b1377a7519a72af82b2501087e69872f1b10da4f8c34451bfdf8e22ec2c0c3
